/Users/bkb/base/dirs_laptop_skyfall01/usrdir_bkb_cloud1-dropbox_skyfall/cloud1-data.bkb.prot/work-personal_bk91.c1do/dev-benkb-pub_bk91.11/nolang/scm2ml.sh
/Users/bkb/base/dirs_laptop_skyfall01/user_bkb_lan_skyfall/sync-store.bkb.pub/repos_bensrc_public_51.11s/camlp5-fork_P-1w4h3qw/camlp5-rel703_setrec_list/etc/pa_scheme.ml
/Users/bkb/base/dirs_laptop_skyfall01/usrdir_bkb_cloud2-luckyc_skyfall/cloud2-datanode.bkb.prot/source-codes_bk51/osscode-pub_bk31a/benkb-osscode-pub_bk31aa/leerpunkt_bk91.11.ycosjqgd/nolang.sh
/Users/bkb/base/dirs_laptop_skyfall01/usrdir_bkb_cloud2-luckyc_skyfall/cloud2-datanode.bkb.prot/source-codes_bk51/osscode-pub_bk31a/benkb-osscode-pub_bk31aa/leerpunkt_bk91.11.ycosjqgd/scm2ml.sh
/Users/bkb/base/dirs_laptop_skyfall01/usrdir_bkb_cloud2-luckyc_skyfall/cloud2-datanode.bkb.prot/source-codes_bk51/osscode-pub_bk31a/benkb-osscode-pub_bk31aa/fork-ocamlp5_bk31aa.0flkgakx/fork-camlp5_bk0flkgakx/found.out
/Users/bkb/base/dirs_laptop_skyfall01/user_bkb_lan_skyfall/sync-store.bkb.pub/repos_bensrc_public_51.11s/lischp/dev/cm/cm/src/Csound.cpp
/Users/bkb/base/dirs_laptop_skyfall01/user_bkb_lan_skyfall/sync-store.bkb.pub/libs_sourcelib_12/sml/mlton/mlton-20180207/mlton/closure-convert/lambda-free.fun
/Users/bkb/base/dirs_laptop_skyfall01/usrdir_bkb_cloud2-luckyc_skyfall/cloud2-datanode.bkb.prot/source-codes_bk51/osscode-pub_bk31a/benkb-osscode-pub_bk31aa/pac_bk91aa.0fdthozo/sagittarius-scheme/ext/socket/sagittarius-socket.h
/Users/bkb/base/dirs_laptop_skyfall01/usrdir_bkb_cloud2-luckyc_skyfall/cloud2-datanode.bkb.prot/source-codes_bk51/osscode-pub_bk31a/benkb-osscode-pub_bk31aa/pac_bk91aa.0fdthozo/sagittarius-scheme/src/sagittarius/sagittariusdefs.h
/Users/bkb/base/dirs_laptop_skyfall01/usrdir_bkb_cloud2-luckyc_skyfall/cloud2-datanode.bkb.prot/source-codes_bk51/osscode-pub_bk31a/benkb-osscode-pub_bk31aa/pac_bk91aa.0fdthozo/sagittarius-scheme/src/sagittarius/charset.h
/Users/bkb/base/dirs_laptop_skyfall01/_skyfall__user_bkb__sync-dirs_backup/bkb.user-data.pub/dev_bentxt_pubrepo_61.51/generate-c-from-scm_61.51.5vyabya6/generate-c-from-scm/cise_dyncomp/dyncomp-0.2.0/tcc-0.9.24/win32/lib/gdi32.def
/Users/bkb/base/dirs_laptop_skyfall01/_skyfall__user_bkb__sync-dirs_backup/bkb.user-data.pub/dev_bentxt_pubrepo_61.51/generate-c-from-scm_61.51.5vyabya6/generate-c-from-scm/cise_dyncomp/dyncomp-0.2.0/tcc-0.9.24/win32/lib/user32.def
/Users/bkb/base/dirs_laptop_skyfall01/usrdir_bkb_cloud2-luckyc_skyfall/cloud2-datanode.bkb.prot/source-codes_bk51/osscode-pub_bk31a/benkb-osscode-pub_bk31aa/pac_bk91aa.0fdthozo/sagittarius-scheme/ext/ffi/win32/user.scm
/Users/bkb/base/dirs_laptop_skyfall01/_skyfall__user_bkb__sync-dirs_backup/bkb.user-data.pub/dev_bentxt_pubrepo_61.51/generate-c-from-scm_61.51.5vyabya6/generate-c-from-scm/cise_dyncomp/dyncomp-0.2.0/tcc-0.9.24/win32/include/winapi/wingdi.h
/Users/bkb/base/dirs_laptop_skyfall01/_skyfall__user_bkb__sync-dirs_backup/bkb.user-data.pub/dev_bentxt_pubrepo_61.51/generate-c-from-scm_61.51.5vyabya6/generate-c-from-scm/cise_dyncomp/dyncomp-0.2.0/tcc-0.9.24/win32/include/winapi/winuser.h
/Users/bkb/base/dirs_laptop_skyfall01/user_bkb_lan_skyfall/sync-store.bkb.priv/_todo/todo-bkb-archive/todo-data.priv/old/Eko.org/models/fsharp/FSharp-1.9.7.8/bin/FSharp.PowerPack.Metadata.xml
/Users/bkb/base/dirs_laptop_skyfall01/user_bkb_lan_skyfall/sync-store.bkb.pub/repos_bensrc_public_51.11s/lischp/dev/cm/cm/juce/modules/juce_audio_plugin_client/RTAS/juce_RTAS_Wrapper.cpp
/Users/bkb/base/dirs_laptop_skyfall01/user_bkb_lan_skyfall/sync-store.bkb.pub/repos_bensrc_public_51.11s/lischp/dev/cm/cm/juce/modules/juce_video/native/juce_win32_DirectShowComponent.cpp
/Users/bkb/base/dirs_laptop_skyfall01/user_bkb_lan_skyfall/sync-store.bkb.pub/repos_bensrc_public_51.11s/lischp/dev/cm/cm/juce/modules/juce_gui_basics/drawables/juce_DrawableRectangle.cpp
/Users/bkb/base/dirs_laptop_skyfall01/user_bkb_lan_skyfall/sync-store.bkb.pub/repos_bensrc_public_51.11s/lischp/dev/cm/cm/juce/modules/juce_gui_basics/drawables/juce_DrawableRectangle.h
/Users/bkb/base/dirs_laptop_skyfall01/user_bkb_lan_skyfall/sync-store.bkb.pub/repos_bensrc_public_51.11s/lischp/dev/cm/cm/juce/modules/juce_gui_basics/filebrowser/juce_FileBrowserComponent.h
/Users/bkb/base/dirs_laptop_skyfall01/user_bkb_lan_skyfall/sync-store.bkb.pub/repos_bensrc_public_51.11s/lischp/dev/cm/cm/juce/modules/juce_gui_basics/filebrowser/juce_FileBrowserComponent.cpp
/Users/bkb/base/dirs_laptop_skyfall01/user_bkb_lan_skyfall/sync-store.bkb.pub/repos_bensrc_public_51.11s/lischp/dev/cm/cm/juce/modules/juce_gui_basics/filebrowser/juce_FilenameComponent.cpp
/Users/bkb/base/dirs_laptop_skyfall01/user_bkb_lan_skyfall/sync-store.bkb.pub/repos_bensrc_public_51.11s/lischp/dev/cm/cm/juce/modules/juce_gui_basics/filebrowser/juce_FilenameComponent.h
/Users/bkb/base/dirs_laptop_skyfall01/user_bkb_lan_skyfall/sync-store.bkb.pub/repos_bensrc_public_51.11s/lischp/dev/cm/cm/juce/modules/juce_audio_devices/native/juce_android_OpenSL.cpp
/Users/bkb/base/dirs_laptop_skyfall01/user_bkb_lan_skyfall/sync-store.bkb.pub/repos_bensrc_public_51.11s/lischp/dev/cm/cm/juce/modules/juce_audio_devices/native/juce_win32_AudioCDBurner.cpp
/Users/bkb/base/dirs_laptop_skyfall01/usrdir_bkb_cloud1-dropbox_skyfall/cloud1-data.bkb.prot/work-personal_bk91.c1do/dev-bentxt-pub_bk92.21/generate-c-from-scm_bk92.21.1808089vn/generate-c-from-scm/cise_dyncomp/dyncomp-0.2.0/tcc-0.9.24/win32/lib/user32.def
/Users/bkb/base/dirs_laptop_skyfall01/usrdir_bkb_cloud1-dropbox_skyfall/cloud1-data.bkb.prot/work-personal_bk91.c1do/dev-bentxt-pub_bk92.21/generate-c-from-scm_bk92.21.1808089vn/generate-c-from-scm/cise_dyncomp/dyncomp-0.2.0/tcc-0.9.24/win32/lib/gdi32.def
/Users/bkb/base/dirs_laptop_skyfall01/user_bkb_lan_skyfall/sync-store.bkb.priv/_todo/todo-bkb-archive/todo-data.priv/old/Eko.org/models/fsharp/FSharp-1.9.7.8/bin/gac/FSharp.PowerPack.Metadata.xml
/Users/bkb/base/dirs_laptop_skyfall01/user_bkb_lan_skyfall/sync-store.bkb.priv/_todo/todo-bkb-archive/todo-data.priv/old/Eko.org/models/fsharp/FSharp-1.9.7.8/source/fsharp/tast.ml
/Users/bkb/base/dirs_laptop_skyfall01/user_bkb_lan_skyfall/sync-store.bkb.priv/_todo/todo-bkb-archive/todo-data.priv/old/Eko.org/models/fsharp/FSharp-1.9.7.8/source/fsharp/ilxgen.ml
/Users/bkb/base/dirs_laptop_skyfall01/usrdir_bkb_cloud2-luckyc_skyfall/cloud2-datanode.bkb.prot/source-codes_bk51/osscode-pub_bk31a/bentxt-osscode-pub_bk31.ad/cise-generate-c-from-scm_bk0fduxtml/cise-generate-c-from-scm/cise_dyncomp/dyncomp-0.2.0/tcc-0.9.24/win32/lib/gdi32.def
/Users/bkb/base/dirs_laptop_skyfall01/usrdir_bkb_cloud2-luckyc_skyfall/cloud2-datanode.bkb.prot/source-codes_bk51/osscode-pub_bk31a/bentxt-osscode-pub_bk31.ad/cise-generate-c-from-scm_bk0fduxtml/cise-generate-c-from-scm/cise_dyncomp/dyncomp-0.2.0/tcc-0.9.24/win32/lib/user32.def
/Users/bkb/base/dirs_laptop_skyfall01/grpdir_library_share1-intranet_skyfall/share1-store.library.prot/webdownloads_wa1x-9x/scheme-javascript_wa22/scheme-js-langs_wa22.02/hop-scheme_wa21.02.bkycomgvrn/hop-3.1.x/arch/android/src/javax/jmdns/impl/DNSRecord.java
/Users/bkb/base/dirs_laptop_skyfall01/grpdir_library_share1-intranet_skyfall/share1-store.library.prot/webdownloads_wa1x-9x/scheme-javascript_wa22/scheme-js-langs_wa22.02/hop-scheme_wa21.02.bkycomgvrn/hop-3.1.x/arch/android/src/javax/jmdns/impl/DNSIncoming.java
/Users/bkb/base/dirs_laptop_skyfall01/usrdir_bkb_cloud1-dropbox_skyfall/cloud1-data.bkb.prot/work-personal_bk91.c1do/dev-bentxt-pub_bk92.21/generate-c-from-scm_bk92.21.1808089vn/generate-c-from-scm/cise_dyncomp/dyncomp-0.2.0/tcc-0.9.24/win32/include/winapi/winuser.h
/Users/bkb/base/dirs_laptop_skyfall01/usrdir_bkb_cloud1-dropbox_skyfall/cloud1-data.bkb.prot/work-personal_bk91.c1do/dev-bentxt-pub_bk92.21/generate-c-from-scm_bk92.21.1808089vn/generate-c-from-scm/cise_dyncomp/dyncomp-0.2.0/tcc-0.9.24/win32/include/winapi/wingdi.h
/Users/bkb/base/dirs_laptop_skyfall01/usrdir_bkb_cloud2-luckyc_skyfall/cloud2-datanode.bkb.prot/source-codes_bk51/osscode-pub_bk31a/bentxt-osscode-pub_bk31.ad/cise-generate-c-from-scm_bk0fduxtml/cise-generate-c-from-scm/cise_dyncomp/dyncomp-0.2.0/tcc-0.9.24/win32/include/winapi/wingdi.h
/Users/bkb/base/dirs_laptop_skyfall01/usrdir_bkb_cloud2-luckyc_skyfall/cloud2-datanode.bkb.prot/source-codes_bk51/osscode-pub_bk31a/bentxt-osscode-pub_bk31.ad/cise-generate-c-from-scm_bk0fduxtml/cise-generate-c-from-scm/cise_dyncomp/dyncomp-0.2.0/tcc-0.9.24/win32/include/winapi/winuser.h
